d:\visual studio 2015\projects\edge-ditecion_block_matching\edge-ditection_block_matching\x64\release\vc140.pdb
d:\visual studio 2015\projects\edge-ditecion_block_matching\edge-ditection_block_matching\x64\release\time.obj
d:\visual studio 2015\projects\edge-ditecion_block_matching\edge-ditection_block_matching\x64\release\read_txt.obj
d:\visual studio 2015\projects\edge-ditecion_block_matching\edge-ditection_block_matching\x64\release\nrutil.obj
d:\visual studio 2015\projects\edge-ditecion_block_matching\edge-ditection_block_matching\x64\release\make_image.obj
d:\visual studio 2015\projects\edge-ditecion_block_matching\edge-ditection_block_matching\x64\release\main.obj
d:\visual studio 2015\projects\edge-ditecion_block_matching\edge-ditection_block_matching\x64\release\cos-sim.obj
d:\visual studio 2015\projects\edge-ditecion_block_matching\edge-ditection_block_matching\x64\release\convolution.obj
d:\visual studio 2015\projects\edge-ditecion_block_matching\edge-ditection_block_matching\x64\release\arctan.obj
d:\visual studio 2015\projects\edge-ditecion_block_matching\edge-ditection_block_matching\x64\release\edge-detection_block_matching.obj
d:\visual studio 2015\projects\edge-ditecion_block_matching\edge-ditection_block_matching\x64\release\read_csv.obj
d:\visual studio 2015\projects\edge-ditecion_block_matching\x64\release\edge-ditection_block_matching.exe
d:\visual studio 2015\projects\edge-ditecion_block_matching\x64\release\edge-ditection_block_matching.ipdb
d:\visual studio 2015\projects\edge-ditecion_block_matching\x64\release\edge-ditection_block_matching.iobj
d:\visual studio 2015\projects\edge-ditecion_block_matching\x64\release\edge-ditection_block_matching.pdb
d:\visual studio 2015\projects\edge-ditecion_block_matching\edge-ditection_block_matching\x64\release\edge-dit.44cca3d8.tlog\cl.command.1.tlog
d:\visual studio 2015\projects\edge-ditecion_block_matching\edge-ditection_block_matching\x64\release\edge-dit.44cca3d8.tlog\cl.read.1.tlog
d:\visual studio 2015\projects\edge-ditecion_block_matching\edge-ditection_block_matching\x64\release\edge-dit.44cca3d8.tlog\cl.write.1.tlog
d:\visual studio 2015\projects\edge-ditecion_block_matching\edge-ditection_block_matching\x64\release\edge-dit.44cca3d8.tlog\link.command.1.tlog
d:\visual studio 2015\projects\edge-ditecion_block_matching\edge-ditection_block_matching\x64\release\edge-dit.44cca3d8.tlog\link.read.1.tlog
d:\visual studio 2015\projects\edge-ditecion_block_matching\edge-ditection_block_matching\x64\release\edge-dit.44cca3d8.tlog\link.write.1.tlog
