  otsu.cpp
D:\opencv-3.1.0\build\install\include\opencv2/core/mat.hpp(1965): warning C4819: ファイルは、現在のコード ページ (932) で表示できない文字を含んでいます。データの損失を防ぐために、ファイルを Unicode 形式で保存してください。
D:\opencv-3.1.0\build\install\include\opencv2/core/persistence.hpp : warning C4819: ファイルは、現在のコード ページ (932) で表示できない文字を含んでいます。データの損失を防ぐために、ファイルを Unicode 形式で保存してください。
D:\opencv-3.1.0\build\install\include\opencv2/core/utility.hpp : warning C4819: ファイルは、現在のコード ページ (932) で表示できない文字を含んでいます。データの損失を防ぐために、ファイルを Unicode 形式で保存してください。
D:\opencv-3.1.0\build\install\include\opencv2/core/utility.hpp : warning C4819: ファイルは、現在のコード ページ (932) で表示できない文字を含んでいます。データの損失を防ぐために、ファイルを Unicode 形式で保存してください。
otsu.cpp(106): warning C4244: '引数': 'float' から 'int' への変換です。データが失われる可能性があります。
otsu.cpp(160): warning C4474: 'printf': 書式文字列に渡された引数の数が多すぎます
  otsu.cpp(160): note: プレースホルダーとそのパラメーターには 0 の可変個引数が必要ですが、1 が指定されています。
otsu.cpp(60): warning C4101: 'k2': ローカル変数は 1 度も使われていません。
otsu.cpp(278): warning C4101: 'fp_outputV90': ローカル変数は 1 度も使われていません。
otsu.cpp(227): warning C4101: 'Rvectormagni': ローカル変数は 1 度も使われていません。
otsu.cpp(215): warning C4101: 'Input_Rvectormagni_name': ローカル変数は 1 度も使われていません。
otsu.cpp(278): warning C4101: 'fp_outputV0': ローカル変数は 1 度も使われていません。
  コード生成しています。
d:\visual studio 2015\projects\edge-ditecion_block_matching\edge-ditection_block_matching\otsu.cpp(388): warning C4715: 'readfiles': 値を返さないコントロール パスがあります。
  16 of 536 functions ( 3.0%) were compiled, the rest were copied from previous compilation.
    0 functions were new in current compilation
    2 functions had inline decision re-evaluated but remain unchanged
  コード生成が終了しました。
  Edge-ditection_Block_Matching.vcxproj -> D:\Visual Studio 2015\Projects\Edge-ditecion_Block_Matching\x64\Release\Edge-ditection_Block_Matching.exe
  Edge-ditection_Block_Matching.vcxproj -> D:\Visual Studio 2015\Projects\Edge-ditecion_Block_Matching\x64\Release\Edge-ditection_Block_Matching.pdb (Full PDB)
